<?xml version="1.0" encoding="UTF-8"?>
<testsuite name="com.zippo.www.runners.MultipleRunner" tests="0" skipped="0" failures="0" errors="0" timestamp="1970-01-01T00:00:00" hostname="DESKTOP-OU5DM7F" time="0.0">
  <properties/>
  <system-out><![CDATA[
5 Scenarios (?[33m4 undefined?[0m, ?[32m1 passed?[0m)
20 Steps (?[36m4 skipped?[0m, ?[33m4 undefined?[0m, ?[32m12 passed?[0m)
0m0,383s


You can implement missing steps with the snippets below:

@Cuando("^valido que me encuentro en la pagina con Mecha Para Encendedor Zippo – Cod (\\d+)$")
public void validoQueMeEncuentroEnLaPaginaConMechaParaEncendedorZippoCod(int arg1) {
    // Write code here that turns the phrase above into concrete actions
    throw new PendingException();
}


@Cuando("^valido que me encuentro en la pagina con Dispensador Guarda Combustible Zippo – Cod (\\d+)$")
public void validoQueMeEncuentroEnLaPaginaConDispensadorGuardaCombustibleZippoCod(int arg1) {
    // Write code here that turns the phrase above into concrete actions
    throw new PendingException();
}

@Cuando("^valido que me encuentro en la pagina con Combustible Para Encendedor Zippo (\\d+)oz – Cod (\\d+)laex$")
public void validoQueMeEncuentroEnLaPaginaConCombustibleParaEncendedorZippoOzCodLaex(int arg1, int arg2) {
    // Write code here that turns the phrase above into concrete actions
    throw new PendingException();
}

@Cuando("^valido que me encuentro en la pagina con Encendedor Zippo Dorado Espejo – Cod (\\d+)b$")
public void validoQueMeEncuentroEnLaPaginaConEncendedorZippoDoradoEspejoCodB(int arg1) {
    // Write code here that turns the phrase above into concrete actions
    throw new PendingException();
}

]]></system-out>
  <system-err><![CDATA[[Test worker] INFO net.thucydides.core.steps.ConsoleLoggingListener - 

-------------------------------------------------------------------------------------
     _______. _______ .______       _______ .__   __.  __  .___________.____    ____ 
    /       ||   ____||   _  \     |   ____||  \ |  | |  | |           |\   \  /   / 
   |   (----`|  |__   |  |_)  |    |  |__   |   \|  | |  | `---|  |----` \   \/   /  
    \   \    |   __|  |      /     |   __|  |  . `  | |  |     |  |       \_    _/   
.----)   |   |  |____ |  |\  \----.|  |____ |  |\   | |  |     |  |         |  |     
|_______/    |_______|| _| `._____||_______||__| \__| |__|     |__|         |__|    
                                                                                     
 News and tutorials at http://www.serenity-bdd.info                                  
 Documentation at https://wakaleo.gitbooks.io/the-serenity-book/content/             
 Join the Serenity Community on Rocket Chat at https://serenity-bdd.rocket.chat      
 Serenity BDD Support and Training at http://serenity-bdd.info/#/trainingandsupport  
 Learn Serenity BDD online at http://serenity-dojo.com                               
-------------------------------------------------------------------------------------

[Test worker] INFO net.thucydides.core.steps.ConsoleLoggingListener - Test Suite Started: Probar la busqueda de multiples productos del Home de Zippo
[Test worker] INFO net.thucydides.core.steps.ConsoleLoggingListener - 
 _____ _____ ____ _____   ____ _____  _    ____ _____ _____ ____  
|_   _| ____/ ___|_   _| / ___|_   _|/ \  |  _ \_   _| ____|  _ \ 
  | | |  _| \___ \ | |   \___ \ | | / _ \ | |_) || | |  _| | | | |
  | | | |___ ___) || |    ___) || |/ ___ \|  _ < | | | |___| |_| |
  |_| |_____|____/ |_|   |____/ |_/_/   \_\_| \_\|_| |_____|____/ 
                                                                  

TEST STARTED: Validar producto del Homepage
-------------------------------------------------------------------(probar-la-busqueda-de-multiples-productos-del-home-de-zippo;validar-producto-del-homepage)
]]></system-err>
</testsuite>
